<?xml version="1.0" encoding="UTF-8"?>
<testng-results ignored="0" total="1" passed="1" failed="0" skipped="0">
  <reporter-output>
    <line>
      <![CDATA[successfully launched chrome browser]]>
    </line>
    <line>
      <![CDATA[Browser window is maximized successfully]]>
    </line>
    <line>
      <![CDATA[browser close successfully]]>
    </line>
  </reporter-output>
  <suite started-at="2024-05-27T13:52:41 IST" name="Suite" finished-at="2024-05-27T13:52:56 IST" duration-ms="14419">
    <groups>
      <group name="smoke">
        <method signature="Scenario_Test.logininTotheapplicaton()[pri:1, instance:Scenarios.Scenario_Test@5b218417]" name="logininTotheapplicaton" class="Scenarios.Scenario_Test"/>
      </group> <!-- smoke -->
    </groups>
    <test started-at="2024-05-27T13:52:41 IST" name="Test" finished-at="2024-05-27T13:52:56 IST" duration-ms="14419">
      <class name="Scenarios.Scenario_Test">
        <test-method is-config="true" signature="openBrowser()[pri:0, instance:Scenarios.Scenario_Test@5b218417]" started-at="2024-05-27T13:52:41 IST" name="openBrowser" finished-at="2024-05-27T13:52:49 IST" duration-ms="7762" status="PASS">
          <reporter-output>
            <line>
              <![CDATA[successfully launched chrome browser]]>
            </line>
            <line>
              <![CDATA[Browser window is maximized successfully]]>
            </line>
          </reporter-output>
        </test-method> <!-- openBrowser -->
        <test-method is-config="true" signature="navigateToApplication()[pri:0, instance:Scenarios.Scenario_Test@5b218417]" started-at="2024-05-27T13:52:49 IST" name="navigateToApplication" finished-at="2024-05-27T13:52:50 IST" duration-ms="1388" status="PASS">
          <reporter-output>
          </reporter-output>
        </test-method> <!-- navigateToApplication -->
        <test-method signature="logininTotheapplicaton()[pri:1, instance:Scenarios.Scenario_Test@5b218417]" started-at="2024-05-27T13:52:50 IST" name="logininTotheapplicaton" finished-at="2024-05-27T13:52:52 IST" duration-ms="1432" status="PASS">
          <reporter-output>
          </reporter-output>
        </test-method> <!-- logininTotheapplicaton -->
        <test-method is-config="true" signature="closeTheBrowser()[pri:0, instance:Scenarios.Scenario_Test@5b218417]" started-at="2024-05-27T13:52:52 IST" name="closeTheBrowser" finished-at="2024-05-27T13:52:56 IST" duration-ms="3717" status="PASS">
          <reporter-output>
            <line>
              <![CDATA[browser close successfully]]>
            </line>
          </reporter-output>
        </test-method> <!-- closeTheBrowser -->
      </class> <!-- Scenarios.Scenario_Test -->
    </test> <!-- Test -->
  </suite> <!-- Suite -->
</testng-results>
